INFO [ConnectionStateManager-0] [com.boco.security.core.init.zk.ZookeeperTools] 2015-05-28 17:44:16,349 CuratorFramework state changed: CONNECTED
  INFO [ConnectionStateManager-0] [com.boco.security.core.init.zk.ZookeeperTools] 2015-05-28 17:44:16,406 Listener com.boco.security.ismp.config.ZkConnectionStateListener executed!
  INFO [ConnectionStateManager-0] [com.boco.security.core.init.zk.ZookeeperTools] 2015-05-29 08:46:29,938 CuratorFramework state changed: CONNECTED
  INFO [ConnectionStateManager-0] [com.boco.security.core.init.zk.ZookeeperTools] 2015-05-29 08:46:30,064 Listener com.boco.security.ismp.config.ZkConnectionStateListener executed!
  INFO [ConnectionStateManager-0] [com.boco.security.core.init.zk.ZookeeperTools] 2015-05-29 08:50:27,821 CuratorFramework state changed: CONNECTED
  INFO [ConnectionStateManager-0] [com.boco.security.core.init.zk.ZookeeperTools] 2015-05-29 08:50:28,040 Listener com.boco.security.ismp.config.ZkConnectionStateListener executed!
  INFO [ConnectionStateManager-0] [com.boco.security.core.init.zk.ZookeeperTools] 2015-05-29 08:56:35,531 CuratorFramework state changed: CONNECTED
  INFO [ConnectionStateManager-0] [com.boco.security.core.init.zk.ZookeeperTools] 2015-05-29 08:56:35,651 Listener com.boco.security.ismp.config.jsonview.RegisterOnlineListener executed!
  INFO [ConnectionStateManager-0] [com.boco.security.core.init.zk.ZookeeperTools] 2015-06-03 09:30:58,125 CuratorFramework state changed: CONNECTED
  INFO [ConnectionStateManager-0] [com.boco.security.core.init.zk.ZookeeperTools] 2015-06-03 09:30:58,326 Listener com.boco.security.ismp.config.jsonview.RegisterOnlineListener executed!
  INFO [ConnectionStateManager-0] [com.boco.security.core.init.zk.ZookeeperTools] 2015-06-03 09:40:57,409 CuratorFramework state changed: SUSPENDED
  INFO [ConnectionStateManager-0] [com.boco.security.core.init.zk.ZookeeperTools] 2015-06-03 09:40:57,449 CuratorFramework state changed: LOST or SUSPENDED
  INFO [ConnectionStateManager-0] [com.boco.security.core.init.zk.ZookeeperTools] 2015-06-03 09:41:17,048 CuratorFramework state changed: RECONNECTED
  INFO [ConnectionStateManager-0] [com.boco.security.core.init.zk.ZookeeperTools] 2015-06-03 09:41:17,232 Listener com.boco.security.ismp.config.jsonview.RegisterOnlineListener executed!
  INFO [ConnectionStateManager-0] [com.boco.security.core.init.zk.ZookeeperTools] 2015-06-03 09:47:28,656 CuratorFramework state changed: SUSPENDED
  INFO [ConnectionStateManager-0] [com.boco.security.core.init.zk.ZookeeperTools] 2015-06-03 09:47:28,656 CuratorFramework state changed: LOST or SUSPENDED
  INFO [CuratorFramework-0] [com.boco.security.core.init.zk.ZookeeperTools] 2015-06-03 09:48:09,956 CuratorFramework unhandledError: Background operation retry gave up
  INFO [CuratorFramework-0] [com.boco.security.core.init.zk.ZookeeperTools] 2015-06-03 09:48:09,956 CuratorFramework unhandledError: Background retry gave up
  INFO [CuratorFramework-0] [com.boco.security.core.init.zk.ZookeeperTools] 2015-06-03 09:48:45,936 CuratorFramework unhandledError: Background operation retry gave up
  INFO [CuratorFramework-0] [com.boco.security.core.init.zk.ZookeeperTools] 2015-06-03 09:48:45,936 CuratorFramework unhandledError: Background retry gave up
  INFO [ConnectionStateManager-0] [com.boco.security.core.init.zk.ZookeeperTools] 2015-06-03 09:48:45,936 CuratorFramework state changed: LOST
  INFO [ConnectionStateManager-0] [com.boco.security.core.init.zk.ZookeeperTools] 2015-06-03 09:48:45,936 CuratorFramework state changed: LOST or SUSPENDED
  INFO [ConnectionStateManager-0] [com.boco.security.core.init.zk.ZookeeperTools] 2015-06-03 09:49:13,676 CuratorFramework state changed: RECONNECTED
  INFO [ConnectionStateManager-0] [com.boco.security.core.init.zk.ZookeeperTools] 2015-06-03 09:49:13,767 Listener com.boco.security.ismp.config.jsonview.RegisterOnlineListener executed!
  INFO [ConnectionStateManager-0] [com.boco.security.core.init.zk.ZookeeperTools] 2015-06-03 09:56:54,635 CuratorFramework state changed: SUSPENDED
  INFO [ConnectionStateManager-0] [com.boco.security.core.init.zk.ZookeeperTools] 2015-06-03 09:56:54,636 CuratorFramework state changed: LOST or SUSPENDED
  INFO [ConnectionStateManager-0] [com.boco.security.core.init.zk.ZookeeperTools] 2015-06-03 09:56:58,098 CuratorFramework state changed: RECONNECTED
  INFO [ConnectionStateManager-0] [com.boco.security.core.init.zk.ZookeeperTools] 2015-06-03 09:57:01,121 Listener com.boco.security.ismp.config.jsonview.RegisterOnlineListener executed!
  INFO [ConnectionStateManager-0] [com.boco.security.core.init.zk.ZookeeperTools] 2015-06-03 10:00:44,800 CuratorFramework state changed: SUSPENDED
  INFO [ConnectionStateManager-0] [com.boco.security.core.init.zk.ZookeeperTools] 2015-06-03 10:00:44,800 CuratorFramework state changed: LOST or SUSPENDED
  INFO [CuratorFramework-0] [com.boco.security.core.init.zk.ZookeeperTools] 2015-06-03 10:01:29,654 CuratorFramework unhandledError: Background operation retry gave up
  INFO [CuratorFramework-0] [com.boco.security.core.init.zk.ZookeeperTools] 2015-06-03 10:01:29,654 CuratorFramework unhandledError: Background retry gave up
  INFO [CuratorFramework-0] [com.boco.security.core.init.zk.ZookeeperTools] 2015-06-03 10:01:47,398 CuratorFramework unhandledError: Background operation retry gave up
  INFO [ConnectionStateManager-0] [com.boco.security.core.init.zk.ZookeeperTools] 2015-06-03 10:01:47,398 CuratorFramework state changed: LOST
  INFO [ConnectionStateManager-0] [com.boco.security.core.init.zk.ZookeeperTools] 2015-06-03 10:01:47,398 CuratorFramework state changed: LOST or SUSPENDED
  INFO [CuratorFramework-0] [com.boco.security.core.init.zk.ZookeeperTools] 2015-06-03 10:01:47,398 CuratorFramework unhandledError: Background retry gave up
  INFO [ConnectionStateManager-0] [com.boco.security.core.init.zk.ZookeeperTools] 2015-06-03 10:02:04,660 CuratorFramework state changed: RECONNECTED
  INFO [ConnectionStateManager-0] [com.boco.security.core.init.zk.ZookeeperTools] 2015-06-03 10:02:04,761 Listener com.boco.security.ismp.config.jsonview.RegisterOnlineListener executed!
  INFO [ConnectionStateManager-0] [com.boco.security.core.init.zk.ZookeeperTools] 2015-06-03 10:05:44,213 CuratorFramework state changed: SUSPENDED
  INFO [ConnectionStateManager-0] [com.boco.security.core.init.zk.ZookeeperTools] 2015-06-03 10:05:44,213 CuratorFramework state changed: LOST or SUSPENDED
  INFO [CuratorFramework-0] [com.boco.security.core.init.zk.ZookeeperTools] 2015-06-03 10:06:11,792 CuratorFramework unhandledError: Background operation retry gave up
  INFO [CuratorFramework-0] [com.boco.security.core.init.zk.ZookeeperTools] 2015-06-03 10:06:11,792 CuratorFramework unhandledError: Background retry gave up
  INFO [ConnectionStateManager-0] [com.boco.security.core.init.zk.ZookeeperTools] 2015-06-03 10:06:29,941 CuratorFramework state changed: RECONNECTED
  INFO [ConnectionStateManager-0] [com.boco.security.core.init.zk.ZookeeperTools] 2015-06-03 10:06:30,062 Listener com.boco.security.ismp.config.jsonview.RegisterOnlineListener executed!
  INFO [ConnectionStateManager-0] [com.boco.security.core.init.zk.ZookeeperTools] 2015-06-03 10:08:00,946 CuratorFramework state changed: SUSPENDED
  INFO [ConnectionStateManager-0] [com.boco.security.core.init.zk.ZookeeperTools] 2015-06-03 10:08:00,946 CuratorFramework state changed: LOST or SUSPENDED
  INFO [CuratorFramework-0] [com.boco.security.core.init.zk.ZookeeperTools] 2015-06-03 10:08:37,590 CuratorFramework unhandledError: Background operation retry gave up
  INFO [CuratorFramework-0] [com.boco.security.core.init.zk.ZookeeperTools] 2015-06-03 10:08:37,590 CuratorFramework unhandledError: Background retry gave up
  INFO [ConnectionStateManager-0] [com.boco.security.core.init.zk.ZookeeperTools] 2015-06-03 10:08:47,091 CuratorFramework state changed: RECONNECTED
  INFO [ConnectionStateManager-0] [com.boco.security.core.init.zk.ZookeeperTools] 2015-06-03 10:08:47,182 Listener com.boco.security.ismp.config.jsonview.RegisterOnlineListener executed!
  INFO [ConnectionStateManager-0] [com.boco.security.core.init.zk.ZookeeperTools] 2015-06-03 10:09:34,661 CuratorFramework state changed: SUSPENDED
  INFO [ConnectionStateManager-0] [com.boco.security.core.init.zk.ZookeeperTools] 2015-06-03 10:09:34,661 CuratorFramework state changed: LOST or SUSPENDED
  INFO [CuratorFramework-0] [com.boco.security.core.init.zk.ZookeeperTools] 2015-06-03 10:09:53,107 CuratorFramework unhandledError: Background operation retry gave up
  INFO [CuratorFramework-0] [com.boco.security.core.init.zk.ZookeeperTools] 2015-06-03 10:09:53,107 CuratorFramework unhandledError: Background retry gave up
  INFO [ConnectionStateManager-0] [com.boco.security.core.init.zk.ZookeeperTools] 2015-06-03 10:09:57,217 CuratorFramework state changed: RECONNECTED
  INFO [ConnectionStateManager-0] [com.boco.security.core.init.zk.ZookeeperTools] 2015-06-03 10:09:57,259 Listener com.boco.security.ismp.config.jsonview.RegisterOnlineListener executed!
  INFO [ConnectionStateManager-0] [com.boco.security.core.init.zk.ZookeeperTools] 2015-06-03 10:10:29,267 CuratorFramework state changed: SUSPENDED
  INFO [ConnectionStateManager-0] [com.boco.security.core.init.zk.ZookeeperTools] 2015-06-03 10:10:29,267 CuratorFramework state changed: LOST or SUSPENDED
  INFO [ConnectionStateManager-0] [com.boco.security.core.init.zk.ZookeeperTools] 2015-06-03 10:10:33,531 CuratorFramework state changed: RECONNECTED
  INFO [ConnectionStateManager-0] [com.boco.security.core.init.zk.ZookeeperTools] 2015-06-03 10:10:34,143 Listener com.boco.security.ismp.config.jsonview.RegisterOnlineListener executed!
  INFO [ConnectionStateManager-0] [com.boco.security.core.init.zk.ZookeeperTools] 2015-06-03 10:12:36,862 CuratorFramework state changed: SUSPENDED
  INFO [ConnectionStateManager-0] [com.boco.security.core.init.zk.ZookeeperTools] 2015-06-03 10:12:36,862 CuratorFramework state changed: LOST or SUSPENDED
  INFO [ConnectionStateManager-0] [com.boco.security.core.init.zk.ZookeeperTools] 2015-06-03 10:12:47,438 CuratorFramework state changed: LOST
  INFO [ConnectionStateManager-0] [com.boco.security.core.init.zk.ZookeeperTools] 2015-06-03 10:12:47,438 CuratorFramework state changed: LOST or SUSPENDED
  INFO [ConnectionStateManager-0] [com.boco.security.core.init.zk.ZookeeperTools] 2015-06-03 10:12:47,763 CuratorFramework state changed: RECONNECTED
  INFO [ConnectionStateManager-0] [com.boco.security.core.init.zk.ZookeeperTools] 2015-06-03 10:12:48,423 Listener com.boco.security.ismp.config.jsonview.RegisterOnlineListener executed!
  INFO [ConnectionStateManager-0] [com.boco.security.core.init.zk.ZookeeperTools] 2015-06-03 10:12:55,194 CuratorFramework state changed: SUSPENDED
  INFO [ConnectionStateManager-0] [com.boco.security.core.init.zk.ZookeeperTools] 2015-06-03 10:12:55,194 CuratorFramework state changed: LOST or SUSPENDED
  INFO [ConnectionStateManager-0] [com.boco.security.core.init.zk.ZookeeperTools] 2015-06-03 10:12:56,919 CuratorFramework state changed: RECONNECTED
  INFO [ConnectionStateManager-0] [com.boco.security.core.init.zk.ZookeeperTools] 2015-06-03 10:12:57,070 Listener com.boco.security.ismp.config.jsonview.RegisterOnlineListener executed!
  INFO [ConnectionStateManager-0] [com.boco.security.core.init.zk.ZookeeperTools] 2015-06-03 10:15:00,384 CuratorFramework state changed: CONNECTED
  INFO [ConnectionStateManager-0] [com.boco.security.core.init.zk.ZookeeperTools] 2015-06-03 10:15:00,445 Listener com.boco.security.ismp.config.jsonview.RegisterOnlineListener executed!
  INFO [ConnectionStateManager-0] [com.boco.security.core.init.zk.ZookeeperTools] 2015-06-03 10:22:03,795 CuratorFramework state changed: SUSPENDED
  INFO [ConnectionStateManager-0] [com.boco.security.core.init.zk.ZookeeperTools] 2015-06-03 10:22:03,795 CuratorFramework state changed: LOST or SUSPENDED
  INFO [ConnectionStateManager-0] [com.boco.security.core.init.zk.ZookeeperTools] 2015-06-03 10:22:05,813 CuratorFramework state changed: LOST
  INFO [ConnectionStateManager-0] [com.boco.security.core.init.zk.ZookeeperTools] 2015-06-03 10:22:05,813 CuratorFramework state changed: LOST or SUSPENDED
  INFO [ConnectionStateManager-0] [com.boco.security.core.init.zk.ZookeeperTools] 2015-06-03 10:22:05,914 CuratorFramework state changed: RECONNECTED
  INFO [ConnectionStateManager-0] [com.boco.security.core.init.zk.ZookeeperTools] 2015-06-03 10:22:06,014 Listener com.boco.security.ismp.config.jsonview.RegisterOnlineListener executed!
  INFO [ConnectionStateManager-0] [com.boco.security.core.init.zk.ZookeeperTools] 2015-06-03 10:22:44,002 CuratorFramework state changed: SUSPENDED
  INFO [ConnectionStateManager-0] [com.boco.security.core.init.zk.ZookeeperTools] 2015-06-03 10:22:44,002 CuratorFramework state changed: LOST or SUSPENDED
  INFO [ConnectionStateManager-0] [com.boco.security.core.init.zk.ZookeeperTools] 2015-06-03 10:22:55,300 CuratorFramework state changed: LOST
  INFO [ConnectionStateManager-0] [com.boco.security.core.init.zk.ZookeeperTools] 2015-06-03 10:22:55,300 CuratorFramework state changed: LOST or SUSPENDED
  INFO [ConnectionStateManager-0] [com.boco.security.core.init.zk.ZookeeperTools] 2015-06-03 10:22:56,082 CuratorFramework state changed: RECONNECTED
  INFO [ConnectionStateManager-0] [com.boco.security.core.init.zk.ZookeeperTools] 2015-06-03 10:22:57,803 Listener com.boco.security.ismp.config.jsonview.RegisterOnlineListener executed!
  INFO [ConnectionStateManager-0] [com.boco.security.core.init.zk.ZookeeperTools] 2015-06-03 10:41:10,804 CuratorFramework state changed: SUSPENDED
  INFO [ConnectionStateManager-0] [com.boco.security.core.init.zk.ZookeeperTools] 2015-06-03 10:41:10,805 CuratorFramework state changed: LOST or SUSPENDED
  INFO [CuratorFramework-0] [com.boco.security.core.init.zk.ZookeeperTools] 2015-06-03 10:41:29,802 CuratorFramework unhandledError: Background operation retry gave up
  INFO [CuratorFramework-0] [com.boco.security.core.init.zk.ZookeeperTools] 2015-06-03 10:41:29,802 CuratorFramework unhandledError: Background retry gave up
  INFO [CuratorFramework-0] [com.boco.security.core.init.zk.ZookeeperTools] 2015-06-03 10:42:02,254 CuratorFramework unhandledError: Background operation retry gave up
  INFO [CuratorFramework-0] [com.boco.security.core.init.zk.ZookeeperTools] 2015-06-03 10:42:02,254 CuratorFramework unhandledError: Background retry gave up
  INFO [ConnectionStateManager-0] [com.boco.security.core.init.zk.ZookeeperTools] 2015-06-03 10:42:02,254 CuratorFramework state changed: LOST
  INFO [ConnectionStateManager-0] [com.boco.security.core.init.zk.ZookeeperTools] 2015-06-03 10:42:02,254 CuratorFramework state changed: LOST or SUSPENDED
  INFO [ConnectionStateManager-0] [com.boco.security.core.init.zk.ZookeeperTools] 2015-06-03 10:42:34,928 CuratorFramework state changed: RECONNECTED
  INFO [ConnectionStateManager-0] [com.boco.security.core.init.zk.ZookeeperTools] 2015-06-03 10:42:34,966 Listener com.boco.security.ismp.config.jsonview.RegisterOnlineListener executed!
  INFO [ConnectionStateManager-0] [com.boco.security.core.init.zk.ZookeeperTools] 2015-06-03 10:42:41,732 CuratorFramework state changed: SUSPENDED
  INFO [ConnectionStateManager-0] [com.boco.security.core.init.zk.ZookeeperTools] 2015-06-03 10:42:41,732 CuratorFramework state changed: LOST or SUSPENDED
  INFO [ConnectionStateManager-0] [com.boco.security.core.init.zk.ZookeeperTools] 2015-06-03 10:42:44,911 CuratorFramework state changed: RECONNECTED
  INFO [ConnectionStateManager-0] [com.boco.security.core.init.zk.ZookeeperTools] 2015-06-03 10:42:45,003 Listener com.boco.security.ismp.config.jsonview.RegisterOnlineListener executed!
  INFO [ConnectionStateManager-0] [com.boco.security.core.init.zk.ZookeeperTools] 2015-06-03 11:03:00,494 CuratorFramework state changed: SUSPENDED
  INFO [ConnectionStateManager-0] [com.boco.security.core.init.zk.ZookeeperTools] 2015-06-03 11:03:00,494 CuratorFramework state changed: LOST or SUSPENDED
  INFO [CuratorFramework-0] [com.boco.security.core.init.zk.ZookeeperTools] 2015-06-03 11:03:52,636 CuratorFramework unhandledError: Background operation retry gave up
  INFO [CuratorFramework-0] [com.boco.security.core.init.zk.ZookeeperTools] 2015-06-03 11:03:52,636 CuratorFramework unhandledError: Background retry gave up
  INFO [CuratorFramework-0] [com.boco.security.core.init.zk.ZookeeperTools] 2015-06-03 11:04:38,662 CuratorFramework unhandledError: Background operation retry gave up
  INFO [ConnectionStateManager-0] [com.boco.security.core.init.zk.ZookeeperTools] 2015-06-03 11:04:38,662 CuratorFramework state changed: LOST
  INFO [ConnectionStateManager-0] [com.boco.security.core.init.zk.ZookeeperTools] 2015-06-03 11:04:38,662 CuratorFramework state changed: LOST or SUSPENDED
  INFO [CuratorFramework-0] [com.boco.security.core.init.zk.ZookeeperTools] 2015-06-03 11:04:38,662 CuratorFramework unhandledError: Background retry gave up
  INFO [ConnectionStateManager-0] [com.boco.security.core.init.zk.ZookeeperTools] 2015-06-03 11:04:50,014 CuratorFramework state changed: RECONNECTED
  INFO [ConnectionStateManager-0] [com.boco.security.core.init.zk.ZookeeperTools] 2015-06-03 11:04:52,166 Listener com.boco.security.ismp.config.jsonview.RegisterOnlineListener executed!
  INFO [ConnectionStateManager-0] [com.boco.security.core.init.zk.ZookeeperTools] 2015-06-03 11:05:25,572 CuratorFramework state changed: SUSPENDED
  INFO [ConnectionStateManager-0] [com.boco.security.core.init.zk.ZookeeperTools] 2015-06-03 11:05:25,572 CuratorFramework state changed: LOST or SUSPENDED
  INFO [ConnectionStateManager-0] [com.boco.security.core.init.zk.ZookeeperTools] 2015-06-03 11:06:00,691 CuratorFramework state changed: RECONNECTED
  INFO [ConnectionStateManager-0] [com.boco.security.core.init.zk.ZookeeperTools] 2015-06-03 11:06:01,062 Listener com.boco.security.ismp.config.jsonview.RegisterOnlineListener executed!
  INFO [ConnectionStateManager-0] [com.boco.security.core.init.zk.ZookeeperTools] 2015-06-03 11:08:35,239 CuratorFramework state changed: SUSPENDED
  INFO [ConnectionStateManager-0] [com.boco.security.core.init.zk.ZookeeperTools] 2015-06-03 11:08:35,239 CuratorFramework state changed: LOST or SUSPENDED
  INFO [ConnectionStateManager-0] [com.boco.security.core.init.zk.ZookeeperTools] 2015-06-03 11:09:01,113 CuratorFramework state changed: RECONNECTED
  INFO [ConnectionStateManager-0] [com.boco.security.core.init.zk.ZookeeperTools] 2015-06-03 11:09:01,294 Listener com.boco.security.ismp.config.jsonview.RegisterOnlineListener executed!
  INFO [ConnectionStateManager-0] [com.boco.security.core.init.zk.ZookeeperTools] 2015-06-03 11:09:29,235 CuratorFramework state changed: SUSPENDED
  INFO [ConnectionStateManager-0] [com.boco.security.core.init.zk.ZookeeperTools] 2015-06-03 11:09:29,235 CuratorFramework state changed: LOST or SUSPENDED
  INFO [ConnectionStateManager-0] [com.boco.security.core.init.zk.ZookeeperTools] 2015-06-03 11:09:32,655 CuratorFramework state changed: RECONNECTED
  INFO [ConnectionStateManager-0] [com.boco.security.core.init.zk.ZookeeperTools] 2015-06-03 11:09:33,597 Listener com.boco.security.ismp.config.jsonview.RegisterOnlineListener executed!
  INFO [ConnectionStateManager-0] [com.boco.security.core.init.zk.ZookeeperTools] 2015-06-03 12:12:44,744 CuratorFramework state changed: SUSPENDED
  INFO [ConnectionStateManager-0] [com.boco.security.core.init.zk.ZookeeperTools] 2015-06-03 12:12:44,744 CuratorFramework state changed: LOST or SUSPENDED
  INFO [CuratorFramework-0] [com.boco.security.core.init.zk.ZookeeperTools] 2015-06-03 12:13:01,119 CuratorFramework unhandledError: Background operation retry gave up
  INFO [CuratorFramework-0] [com.boco.security.core.init.zk.ZookeeperTools] 2015-06-03 12:13:01,119 CuratorFramework unhandledError: Background retry gave up
  INFO [ConnectionStateManager-0] [com.boco.security.core.init.zk.ZookeeperTools] 2015-06-03 12:13:25,917 CuratorFramework state changed: RECONNECTED
  INFO [ConnectionStateManager-0] [com.boco.security.core.init.zk.ZookeeperTools] 2015-06-03 12:13:26,208 Listener com.boco.security.ismp.config.jsonview.RegisterOnlineListener executed!
  INFO [ConnectionStateManager-0] [com.boco.security.core.init.zk.ZookeeperTools] 2015-06-03 12:30:01,691 CuratorFramework state changed: SUSPENDED
  INFO [ConnectionStateManager-0] [com.boco.security.core.init.zk.ZookeeperTools] 2015-06-03 12:30:01,691 CuratorFramework state changed: LOST or SUSPENDED
  INFO [CuratorFramework-0] [com.boco.security.core.init.zk.ZookeeperTools] 2015-06-03 12:30:11,304 CuratorFramework unhandledError: Background operation retry gave up
  INFO [ConnectionStateManager-0] [com.boco.security.core.init.zk.ZookeeperTools] 2015-06-03 12:30:11,304 CuratorFramework state changed: LOST
  INFO [ConnectionStateManager-0] [com.boco.security.core.init.zk.ZookeeperTools] 2015-06-03 12:30:11,304 CuratorFramework state changed: LOST or SUSPENDED
  INFO [CuratorFramework-0] [com.boco.security.core.init.zk.ZookeeperTools] 2015-06-03 12:30:11,304 CuratorFramework unhandledError: Background retry gave up
  INFO [ConnectionStateManager-0] [com.boco.security.core.init.zk.ZookeeperTools] 2015-06-03 12:33:11,279 CuratorFramework state changed: RECONNECTED
  INFO [ConnectionStateManager-0] [com.boco.security.core.init.zk.ZookeeperTools] 2015-06-03 12:33:12,838 Listener com.boco.security.ismp.config.jsonview.RegisterOnlineListener executed!
  INFO [ConnectionStateManager-0] [com.boco.security.core.init.zk.ZookeeperTools] 2015-06-03 12:33:55,487 CuratorFramework state changed: SUSPENDED
  INFO [ConnectionStateManager-0] [com.boco.security.core.init.zk.ZookeeperTools] 2015-06-03 12:33:55,487 CuratorFramework state changed: LOST or SUSPENDED
  INFO [ConnectionStateManager-0] [com.boco.security.core.init.zk.ZookeeperTools] 2015-06-03 12:33:56,776 CuratorFramework state changed: RECONNECTED
  INFO [ConnectionStateManager-0] [com.boco.security.core.init.zk.ZookeeperTools] 2015-06-03 12:34:09,819 Listener com.boco.security.ismp.config.jsonview.RegisterOnlineListener executed!
  INFO [ConnectionStateManager-0] [com.boco.security.core.init.zk.ZookeeperTools] 2015-06-03 12:34:09,819 CuratorFramework state changed: SUSPENDED
  INFO [ConnectionStateManager-0] [com.boco.security.core.init.zk.ZookeeperTools] 2015-06-03 12:34:09,819 CuratorFramework state changed: LOST or SUSPENDED
  INFO [ConnectionStateManager-0] [com.boco.security.core.init.zk.ZookeeperTools] 2015-06-03 12:34:09,819 CuratorFramework state changed: RECONNECTED
  INFO [ConnectionStateManager-0] [com.boco.security.core.init.zk.ZookeeperTools] 2015-06-03 12:34:11,011 Listener com.boco.security.ismp.config.jsonview.RegisterOnlineListener executed!
  INFO [ConnectionStateManager-0] [com.boco.security.core.init.zk.ZookeeperTools] 2015-06-03 12:34:17,777 CuratorFramework state changed: SUSPENDED
  INFO [ConnectionStateManager-0] [com.boco.security.core.init.zk.ZookeeperTools] 2015-06-03 12:34:17,777 CuratorFramework state changed: LOST or SUSPENDED
  INFO [ConnectionStateManager-0] [com.boco.security.core.init.zk.ZookeeperTools] 2015-06-03 12:34:19,217 CuratorFramework state changed: RECONNECTED
  INFO [ConnectionStateManager-0] [com.boco.security.core.init.zk.ZookeeperTools] 2015-06-03 12:34:20,163 Listener com.boco.security.ismp.config.jsonview.RegisterOnlineListener executed!
  INFO [ConnectionStateManager-0] [com.boco.security.core.init.zk.ZookeeperTools] 2015-06-03 12:34:26,937 CuratorFramework state changed: SUSPENDED
  INFO [ConnectionStateManager-0] [com.boco.security.core.init.zk.ZookeeperTools] 2015-06-03 12:34:26,937 CuratorFramework state changed: LOST or SUSPENDED
  INFO [ConnectionStateManager-0] [com.boco.security.core.init.zk.ZookeeperTools] 2015-06-03 12:34:28,476 CuratorFramework state changed: RECONNECTED
  INFO [ConnectionStateManager-0] [com.boco.security.core.init.zk.ZookeeperTools] 2015-06-03 12:34:40,533 Listener com.boco.security.ismp.config.jsonview.RegisterOnlineListener executed!
  INFO [ConnectionStateManager-0] [com.boco.security.core.init.zk.ZookeeperTools] 2015-06-03 12:34:40,533 CuratorFramework state changed: SUSPENDED
  INFO [ConnectionStateManager-0] [com.boco.security.core.init.zk.ZookeeperTools] 2015-06-03 12:34:40,533 CuratorFramework state changed: LOST or SUSPENDED
  INFO [ConnectionStateManager-0] [com.boco.security.core.init.zk.ZookeeperTools] 2015-06-03 12:34:40,533 CuratorFramework state changed: RECONNECTED
  INFO [ConnectionStateManager-0] [com.boco.security.core.init.zk.ZookeeperTools] 2015-06-03 12:34:40,964 Listener com.boco.security.ismp.config.jsonview.RegisterOnlineListener executed!
  INFO [ConnectionStateManager-0] [com.boco.security.core.init.zk.ZookeeperTools] 2015-06-03 12:35:35,657 CuratorFramework state changed: SUSPENDED
  INFO [ConnectionStateManager-0] [com.boco.security.core.init.zk.ZookeeperTools] 2015-06-03 12:35:35,657 CuratorFramework state changed: LOST or SUSPENDED
  INFO [ConnectionStateManager-0] [com.boco.security.core.init.zk.ZookeeperTools] 2015-06-03 12:35:37,330 CuratorFramework state changed: RECONNECTED
  INFO [ConnectionStateManager-0] [com.boco.security.core.init.zk.ZookeeperTools] 2015-06-03 12:35:38,098 Listener com.boco.security.ismp.config.jsonview.RegisterOnlineListener executed!
  INFO [ConnectionStateManager-0] [com.boco.security.core.init.zk.ZookeeperTools] 2015-06-03 12:35:53,298 CuratorFramework state changed: SUSPENDED
  INFO [ConnectionStateManager-0] [com.boco.security.core.init.zk.ZookeeperTools] 2015-06-03 12:35:53,298 CuratorFramework state changed: LOST or SUSPENDED
  INFO [ConnectionStateManager-0] [com.boco.security.core.init.zk.ZookeeperTools] 2015-06-03 12:35:55,232 CuratorFramework state changed: RECONNECTED
  INFO [ConnectionStateManager-0] [com.boco.security.core.init.zk.ZookeeperTools] 2015-06-03 12:35:56,008 Listener com.boco.security.ismp.config.jsonview.RegisterOnlineListener executed!
  INFO [ConnectionStateManager-0] [com.boco.security.core.init.zk.ZookeeperTools] 2015-06-03 12:36:39,290 CuratorFramework state changed: SUSPENDED
  INFO [ConnectionStateManager-0] [com.boco.security.core.init.zk.ZookeeperTools] 2015-06-03 12:36:39,290 CuratorFramework state changed: LOST or SUSPENDED
  INFO [CuratorFramework-0] [com.boco.security.core.init.zk.ZookeeperTools] 2015-06-03 12:37:20,417 CuratorFramework unhandledError: Background operation retry gave up
  INFO [CuratorFramework-0] [com.boco.security.core.init.zk.ZookeeperTools] 2015-06-03 12:37:20,417 CuratorFramework unhandledError: Background retry gave up
  INFO [CuratorFramework-0] [com.boco.security.core.init.zk.ZookeeperTools] 2015-06-03 12:37:54,179 CuratorFramework unhandledError: Background operation retry gave up
  INFO [CuratorFramework-0] [com.boco.security.core.init.zk.ZookeeperTools] 2015-06-03 12:37:54,179 CuratorFramework unhandledError: Background retry gave up
  INFO [ConnectionStateManager-0] [com.boco.security.core.init.zk.ZookeeperTools] 2015-06-03 12:37:54,180 CuratorFramework state changed: LOST
  INFO [ConnectionStateManager-0] [com.boco.security.core.init.zk.ZookeeperTools] 2015-06-03 12:37:54,180 CuratorFramework state changed: LOST or SUSPENDED
  INFO [ConnectionStateManager-0] [com.boco.security.core.init.zk.ZookeeperTools] 2015-06-03 12:38:47,660 CuratorFramework state changed: RECONNECTED
  INFO [ConnectionStateManager-0] [com.boco.security.core.init.zk.ZookeeperTools] 2015-06-03 12:38:49,363 Listener com.boco.security.ismp.config.jsonview.RegisterOnlineListener executed!
  INFO [ConnectionStateManager-0] [com.boco.security.core.init.zk.ZookeeperTools] 2015-06-03 13:09:08,743 CuratorFramework state changed: SUSPENDED
  INFO [ConnectionStateManager-0] [com.boco.security.core.init.zk.ZookeeperTools] 2015-06-03 13:09:08,743 CuratorFramework state changed: LOST or SUSPENDED
  INFO [ConnectionStateManager-0] [com.boco.security.core.init.zk.ZookeeperTools] 2015-06-03 13:09:11,284 CuratorFramework state changed: RECONNECTED
  INFO [ConnectionStateManager-0] [com.boco.security.core.init.zk.ZookeeperTools] 2015-06-03 13:09:11,745 Listener com.boco.security.ismp.config.jsonview.RegisterOnlineListener executed!
  INFO [ConnectionStateManager-0] [com.boco.security.core.init.zk.ZookeeperTools] 2015-06-03 13:10:15,558 CuratorFramework state changed: SUSPENDED
  INFO [ConnectionStateManager-0] [com.boco.security.core.init.zk.ZookeeperTools] 2015-06-03 13:10:15,558 CuratorFramework state changed: LOST or SUSPENDED
  INFO [ConnectionStateManager-0] [com.boco.security.core.init.zk.ZookeeperTools] 2015-06-03 13:10:17,164 CuratorFramework state changed: RECONNECTED
  INFO [CuratorFramework-0] [com.boco.security.core.init.zk.ZookeeperTools] 2015-06-03 13:10:29,351 CuratorFramework unhandledError: Background operation retry gave up
  INFO [CuratorFramework-0] [com.boco.security.core.init.zk.ZookeeperTools] 2015-06-03 13:10:29,351 CuratorFramework unhandledError: Background retry gave up
  INFO [ConnectionStateManager-0] [com.boco.security.core.init.zk.ZookeeperTools] 2015-06-03 13:10:46,797 Listener com.boco.security.ismp.config.jsonview.RegisterOnlineListener executed!
  INFO [ConnectionStateManager-0] [com.boco.security.core.init.zk.ZookeeperTools] 2015-06-03 13:10:46,797 CuratorFramework state changed: SUSPENDED
  INFO [ConnectionStateManager-0] [com.boco.security.core.init.zk.ZookeeperTools] 2015-06-03 13:10:46,797 CuratorFramework state changed: LOST or SUSPENDED
  INFO [CuratorFramework-0] [com.boco.security.core.init.zk.ZookeeperTools] 2015-06-03 13:10:55,504 CuratorFramework unhandledError: Background operation retry gave up
  INFO [CuratorFramework-0] [com.boco.security.core.init.zk.ZookeeperTools] 2015-06-03 13:10:55,505 CuratorFramework unhandledError: Background retry gave up
  INFO [ConnectionStateManager-0] [com.boco.security.core.init.zk.ZookeeperTools] 2015-06-03 13:11:12,358 CuratorFramework state changed: LOST
  INFO [ConnectionStateManager-0] [com.boco.security.core.init.zk.ZookeeperTools] 2015-06-03 13:11:12,358 CuratorFramework state changed: LOST or SUSPENDED
  INFO [CuratorFramework-0] [com.boco.security.core.init.zk.ZookeeperTools] 2015-06-03 13:11:12,358 CuratorFramework unhandledError: Background operation retry gave up
  INFO [CuratorFramework-0] [com.boco.security.core.init.zk.ZookeeperTools] 2015-06-03 13:11:12,358 CuratorFramework unhandledError: Background retry gave up
  INFO [ConnectionStateManager-0] [com.boco.security.core.init.zk.ZookeeperTools] 2015-06-03 13:11:17,831 CuratorFramework state changed: RECONNECTED
  INFO [ConnectionStateManager-0] [com.boco.security.core.init.zk.ZookeeperTools] 2015-06-03 13:11:17,992 Listener com.boco.security.ismp.config.jsonview.RegisterOnlineListener executed!
  INFO [ConnectionStateManager-0] [com.boco.security.core.init.zk.ZookeeperTools] 2015-06-03 13:55:32,376 CuratorFramework state changed: SUSPENDED
  INFO [ConnectionStateManager-0] [com.boco.security.core.init.zk.ZookeeperTools] 2015-06-03 13:55:32,376 CuratorFramework state changed: LOST or SUSPENDED
  INFO [CuratorFramework-0] [com.boco.security.core.init.zk.ZookeeperTools] 2015-06-03 13:56:19,124 CuratorFramework unhandledError: Background operation retry gave up
  INFO [CuratorFramework-0] [com.boco.security.core.init.zk.ZookeeperTools] 2015-06-03 13:56:19,124 CuratorFramework unhandledError: Background retry gave up
  INFO [ConnectionStateManager-0] [com.boco.security.core.init.zk.ZookeeperTools] 2015-06-03 13:56:57,059 CuratorFramework state changed: RECONNECTED
  INFO [ConnectionStateManager-0] [com.boco.security.core.init.zk.ZookeeperTools] 2015-06-03 13:56:57,270 Listener com.boco.security.ismp.config.jsonview.RegisterOnlineListener executed!
  INFO [ConnectionStateManager-0] [com.boco.security.core.init.zk.ZookeeperTools] 2015-06-03 14:06:11,233 CuratorFramework state changed: SUSPENDED
  INFO [ConnectionStateManager-0] [com.boco.security.core.init.zk.ZookeeperTools] 2015-06-03 14:06:11,233 CuratorFramework state changed: LOST or SUSPENDED
  INFO [ConnectionStateManager-0] [com.boco.security.core.init.zk.ZookeeperTools] 2015-06-03 14:06:13,639 CuratorFramework state changed: RECONNECTED
  INFO [CuratorFramework-0] [com.boco.security.core.init.zk.ZookeeperTools] 2015-06-03 14:06:37,823 CuratorFramework unhandledError: Background operation retry gave up
  INFO [CuratorFramework-0] [com.boco.security.core.init.zk.ZookeeperTools] 2015-06-03 14:06:37,823 CuratorFramework unhandledError: Background retry gave up
  INFO [ConnectionStateManager-0] [com.boco.security.core.init.zk.ZookeeperTools] 2015-06-03 14:07:04,358 Listener com.boco.security.ismp.config.jsonview.RegisterOnlineListener executed!
  INFO [ConnectionStateManager-0] [com.boco.security.core.init.zk.ZookeeperTools] 2015-06-03 14:07:04,358 CuratorFramework state changed: SUSPENDED
  INFO [ConnectionStateManager-0] [com.boco.security.core.init.zk.ZookeeperTools] 2015-06-03 14:07:04,358 CuratorFramework state changed: LOST or SUSPENDED
  INFO [ConnectionStateManager-0] [com.boco.security.core.init.zk.ZookeeperTools] 2015-06-03 14:07:04,358 CuratorFramework state changed: RECONNECTED
  INFO [ConnectionStateManager-0] [com.boco.security.core.init.zk.ZookeeperTools] 2015-06-03 14:07:04,651 Listener com.boco.security.ismp.config.jsonview.RegisterOnlineListener executed!
  INFO [ConnectionStateManager-0] [com.boco.security.core.init.zk.ZookeeperTools] 2015-06-03 14:35:07,787 CuratorFramework state changed: SUSPENDED
  INFO [ConnectionStateManager-0] [com.boco.security.core.init.zk.ZookeeperTools] 2015-06-03 14:35:07,825 CuratorFramework state changed: LOST or SUSPENDED
  INFO [ConnectionStateManager-0] [com.boco.security.core.init.zk.ZookeeperTools] 2015-06-03 14:35:19,507 CuratorFramework state changed: RECONNECTED
  INFO [ConnectionStateManager-0] [com.boco.security.core.init.zk.ZookeeperTools] 2015-06-03 14:35:19,562 Listener com.boco.security.ismp.config.jsonview.RegisterOnlineListener executed!
  INFO [ConnectionStateManager-0] [com.boco.security.core.init.zk.ZookeeperTools] 2015-06-03 14:50:31,175 CuratorFramework state changed: SUSPENDED
  INFO [ConnectionStateManager-0] [com.boco.security.core.init.zk.ZookeeperTools] 2015-06-03 14:50:31,175 CuratorFramework state changed: LOST or SUSPENDED
  INFO [ConnectionStateManager-0] [com.boco.security.core.init.zk.ZookeeperTools] 2015-06-03 14:50:32,386 CuratorFramework state changed: RECONNECTED
  INFO [ConnectionStateManager-0] [com.boco.security.core.init.zk.ZookeeperTools] 2015-06-03 14:50:32,576 Listener com.boco.security.ismp.config.jsonview.RegisterOnlineListener executed!
  INFO [ConnectionStateManager-0] [com.boco.security.core.init.zk.ZookeeperTools] 2015-06-03 15:01:00,019 CuratorFramework state changed: SUSPENDED
  INFO [ConnectionStateManager-0] [com.boco.security.core.init.zk.ZookeeperTools] 2015-06-03 15:01:00,019 CuratorFramework state changed: LOST or SUSPENDED
  INFO [ConnectionStateManager-0] [com.boco.security.core.init.zk.ZookeeperTools] 2015-06-03 15:01:05,156 CuratorFramework state changed: LOST
  INFO [ConnectionStateManager-0] [com.boco.security.core.init.zk.ZookeeperTools] 2015-06-03 15:01:05,156 CuratorFramework state changed: LOST or SUSPENDED
  INFO [ConnectionStateManager-0] [com.boco.security.core.init.zk.ZookeeperTools] 2015-06-03 15:01:08,904 CuratorFramework state changed: RECONNECTED
  INFO [ConnectionStateManager-0] [com.boco.security.core.init.zk.ZookeeperTools] 2015-06-03 15:01:09,695 Listener com.boco.security.ismp.config.jsonview.RegisterOnlineListener executed!
  INFO [ConnectionStateManager-0] [com.boco.security.core.init.zk.ZookeeperTools] 2015-06-03 15:01:20,157 CuratorFramework state changed: SUSPENDED
  INFO [ConnectionStateManager-0] [com.boco.security.core.init.zk.ZookeeperTools] 2015-06-03 15:01:20,157 CuratorFramework state changed: LOST or SUSPENDED
  INFO [ConnectionStateManager-0] [com.boco.security.core.init.zk.ZookeeperTools] 2015-06-03 15:01:22,222 CuratorFramework state changed: RECONNECTED
  INFO [ConnectionStateManager-0] [com.boco.security.core.init.zk.ZookeeperTools] 2015-06-03 15:01:23,352 Listener com.boco.security.ismp.config.jsonview.RegisterOnlineListener executed!
  INFO [ConnectionStateManager-0] [com.boco.security.core.init.zk.ZookeeperTools] 2015-06-03 15:01:54,706 CuratorFramework state changed: SUSPENDED
  INFO [ConnectionStateManager-0] [com.boco.security.core.init.zk.ZookeeperTools] 2015-06-03 15:01:54,706 CuratorFramework state changed: LOST or SUSPENDED
  INFO [ConnectionStateManager-0] [com.boco.security.core.init.zk.ZookeeperTools] 2015-06-03 15:01:57,037 CuratorFramework state changed: RECONNECTED
  INFO [ConnectionStateManager-0] [com.boco.security.core.init.zk.ZookeeperTools] 2015-06-03 15:01:57,463 Listener com.boco.security.ismp.config.jsonview.RegisterOnlineListener executed!
  INFO [ConnectionStateManager-0] [com.boco.security.core.init.zk.ZookeeperTools] 2015-06-03 15:24:43,896 CuratorFramework state changed: SUSPENDED
  INFO [ConnectionStateManager-0] [com.boco.security.core.init.zk.ZookeeperTools] 2015-06-03 15:24:43,948 CuratorFramework state changed: LOST or SUSPENDED
  INFO [ConnectionStateManager-0] [com.boco.security.core.init.zk.ZookeeperTools] 2015-06-03 15:24:47,105 CuratorFramework state changed: LOST
  INFO [ConnectionStateManager-0] [com.boco.security.core.init.zk.ZookeeperTools] 2015-06-03 15:24:47,105 CuratorFramework state changed: LOST or SUSPENDED
  INFO [ConnectionStateManager-0] [com.boco.security.core.init.zk.ZookeeperTools] 2015-06-03 15:24:47,452 CuratorFramework state changed: RECONNECTED
  INFO [ConnectionStateManager-0] [com.boco.security.core.init.zk.ZookeeperTools] 2015-06-03 15:24:47,601 Listener com.boco.security.ismp.config.jsonview.RegisterOnlineListener executed!
  INFO [ConnectionStateManager-0] [com.boco.security.core.init.zk.ZookeeperTools] 2015-06-03 15:27:24,741 CuratorFramework state changed: SUSPENDED
  INFO [ConnectionStateManager-0] [com.boco.security.core.init.zk.ZookeeperTools] 2015-06-03 15:27:24,741 CuratorFramework state changed: LOST or SUSPENDED
  INFO [CuratorFramework-0] [com.boco.security.core.init.zk.ZookeeperTools] 2015-06-03 15:27:52,534 CuratorFramework unhandledError: Background operation retry gave up
  INFO [CuratorFramework-0] [com.boco.security.core.init.zk.ZookeeperTools] 2015-06-03 15:27:52,534 CuratorFramework unhandledError: Background retry gave up
  INFO [ConnectionStateManager-0] [com.boco.security.core.init.zk.ZookeeperTools] 2015-06-03 15:27:55,994 CuratorFramework state changed: RECONNECTED
  INFO [ConnectionStateManager-0] [com.boco.security.core.init.zk.ZookeeperTools] 2015-06-03 15:27:56,446 Listener com.boco.security.ismp.config.jsonview.RegisterOnlineListener executed!
  INFO [ConnectionStateManager-0] [com.boco.security.core.init.zk.ZookeeperTools] 2015-06-03 15:32:30,245 CuratorFramework state changed: SUSPENDED
  INFO [ConnectionStateManager-0] [com.boco.security.core.init.zk.ZookeeperTools] 2015-06-03 15:32:30,245 CuratorFramework state changed: LOST or SUSPENDED
  INFO [CuratorFramework-0] [com.boco.security.core.init.zk.ZookeeperTools] 2015-06-03 15:33:07,277 CuratorFramework unhandledError: Background operation retry gave up
  INFO [CuratorFramework-0] [com.boco.security.core.init.zk.ZookeeperTools] 2015-06-03 15:33:07,308 CuratorFramework unhandledError: Background retry gave up
  INFO [ConnectionStateManager-0] [com.boco.security.core.init.zk.ZookeeperTools] 2015-06-03 15:33:21,266 CuratorFramework state changed: CONNECTED
  INFO [ConnectionStateManager-0] [com.boco.security.core.init.zk.ZookeeperTools] 2015-06-03 15:33:21,365 Listener com.boco.security.ismp.config.jsonview.RegisterOnlineListener executed!
  